2023/03/26 02:35:01 [error] [exception.TypeError] TypeError: date(): Argument #2 ($timestamp) must be of type ?int, string given in /var/www/html/chitkar/protected/commands/queueCommand.php:22
Stack trace:
#0 /var/www/html/chitkar/protected/commands/queueCommand.php(22): date()
#1 /var/www/html/chitkar/protected/framework/console/CConsoleCommandRunner.php(71): queueCommand->run()
#2 /var/www/html/chitkar/protected/framework/console/CConsoleApplication.php(92): CConsoleCommandRunner->run()
#3 /var/www/html/chitkar/protected/framework/base/CApplication.php(185): CConsoleApplication->processRequest()
#4 /var/www/html/chitkar/cron.php(6): CApplication->run()
#5 {main}
---
2023/03/26 02:40:01 [error] [exception.TypeError] TypeError: date(): Argument #2 ($timestamp) must be of type ?int, string given in /var/www/html/chitkar/protected/commands/queueCommand.php:22
Stack trace:
#0 /var/www/html/chitkar/protected/commands/queueCommand.php(22): date()
#1 /var/www/html/chitkar/protected/framework/console/CConsoleCommandRunner.php(71): queueCommand->run()
#2 /var/www/html/chitkar/protected/framework/console/CConsoleApplication.php(92): CConsoleCommandRunner->run()
#3 /var/www/html/chitkar/protected/framework/base/CApplication.php(185): CConsoleApplication->processRequest()
#4 /var/www/html/chitkar/cron.php(6): CApplication->run()
#5 {main}
---
2023/03/26 02:45:01 [error] [exception.TypeError] TypeError: date(): Argument #2 ($timestamp) must be of type ?int, string given in /var/www/html/chitkar/protected/commands/queueCommand.php:22
Stack trace:
#0 /var/www/html/chitkar/protected/commands/queueCommand.php(22): date()
#1 /var/www/html/chitkar/protected/framework/console/CConsoleCommandRunner.php(71): queueCommand->run()
#2 /var/www/html/chitkar/protected/framework/console/CConsoleApplication.php(92): CConsoleCommandRunner->run()
#3 /var/www/html/chitkar/protected/framework/base/CApplication.php(185): CConsoleApplication->processRequest()
#4 /var/www/html/chitkar/cron.php(6): CApplication->run()
#5 {main}
---
2023/03/26 02:50:02 [error] [exception.TypeError] TypeError: date(): Argument #2 ($timestamp) must be of type ?int, string given in /var/www/html/chitkar/protected/commands/queueCommand.php:22
Stack trace:
#0 /var/www/html/chitkar/protected/commands/queueCommand.php(22): date()
#1 /var/www/html/chitkar/protected/framework/console/CConsoleCommandRunner.php(71): queueCommand->run()
#2 /var/www/html/chitkar/protected/framework/console/CConsoleApplication.php(92): CConsoleCommandRunner->run()
#3 /var/www/html/chitkar/protected/framework/base/CApplication.php(185): CConsoleApplication->processRequest()
#4 /var/www/html/chitkar/cron.php(6): CApplication->run()
#5 {main}
---
2023/03/26 02:55:01 [error] [exception.TypeError] TypeError: date(): Argument #2 ($timestamp) must be of type ?int, string given in /var/www/html/chitkar/protected/commands/queueCommand.php:22
Stack trace:
#0 /var/www/html/chitkar/protected/commands/queueCommand.php(22): date()
#1 /var/www/html/chitkar/protected/framework/console/CConsoleCommandRunner.php(71): queueCommand->run()
#2 /var/www/html/chitkar/protected/framework/console/CConsoleApplication.php(92): CConsoleCommandRunner->run()
#3 /var/www/html/chitkar/protected/framework/base/CApplication.php(185): CConsoleApplication->processRequest()
#4 /var/www/html/chitkar/cron.php(6): CApplication->run()
#5 {main}
---
2023/03/26 03:00:01 [error] [exception.TypeError] TypeError: date(): Argument #2 ($timestamp) must be of type ?int, string given in /var/www/html/chitkar/protected/commands/queueCommand.php:22
Stack trace:
#0 /var/www/html/chitkar/protected/commands/queueCommand.php(22): date()
#1 /var/www/html/chitkar/protected/framework/console/CConsoleCommandRunner.php(71): queueCommand->run()
#2 /var/www/html/chitkar/protected/framework/console/CConsoleApplication.php(92): CConsoleCommandRunner->run()
#3 /var/www/html/chitkar/protected/framework/base/CApplication.php(185): CConsoleApplication->processRequest()
#4 /var/www/html/chitkar/cron.php(6): CApplication->run()
#5 {main}
---
2023/03/26 03:05:01 [error] [exception.TypeError] TypeError: date(): Argument #2 ($timestamp) must be of type ?int, string given in /var/www/html/chitkar/protected/commands/queueCommand.php:22
Stack trace:
#0 /var/www/html/chitkar/protected/commands/queueCommand.php(22): date()
#1 /var/www/html/chitkar/protected/framework/console/CConsoleCommandRunner.php(71): queueCommand->run()
#2 /var/www/html/chitkar/protected/framework/console/CConsoleApplication.php(92): CConsoleCommandRunner->run()
#3 /var/www/html/chitkar/protected/framework/base/CApplication.php(185): CConsoleApplication->processRequest()
#4 /var/www/html/chitkar/cron.php(6): CApplication->run()
#5 {main}
---
2023/03/26 03:10:01 [error] [exception.TypeError] TypeError: date(): Argument #2 ($timestamp) must be of type ?int, string given in /var/www/html/chitkar/protected/commands/queueCommand.php:22
Stack trace:
#0 /var/www/html/chitkar/protected/commands/queueCommand.php(22): date()
#1 /var/www/html/chitkar/protected/framework/console/CConsoleCommandRunner.php(71): queueCommand->run()
#2 /var/www/html/chitkar/protected/framework/console/CConsoleApplication.php(92): CConsoleCommandRunner->run()
#3 /var/www/html/chitkar/protected/framework/base/CApplication.php(185): CConsoleApplication->processRequest()
#4 /var/www/html/chitkar/cron.php(6): CApplication->run()
#5 {main}
---
2023/03/26 03:15:01 [error] [exception.TypeError] TypeError: date(): Argument #2 ($timestamp) must be of type ?int, string given in /var/www/html/chitkar/protected/commands/queueCommand.php:22
Stack trace:
#0 /var/www/html/chitkar/protected/commands/queueCommand.php(22): date()
#1 /var/www/html/chitkar/protected/framework/console/CConsoleCommandRunner.php(71): queueCommand->run()
#2 /var/www/html/chitkar/protected/framework/console/CConsoleApplication.php(92): CConsoleCommandRunner->run()
#3 /var/www/html/chitkar/protected/framework/base/CApplication.php(185): CConsoleApplication->processRequest()
#4 /var/www/html/chitkar/cron.php(6): CApplication->run()
#5 {main}
---
2023/03/26 03:20:01 [error] [exception.TypeError] TypeError: date(): Argument #2 ($timestamp) must be of type ?int, string given in /var/www/html/chitkar/protected/commands/queueCommand.php:22
Stack trace:
#0 /var/www/html/chitkar/protected/commands/queueCommand.php(22): date()
#1 /var/www/html/chitkar/protected/framework/console/CConsoleCommandRunner.php(71): queueCommand->run()
#2 /var/www/html/chitkar/protected/framework/console/CConsoleApplication.php(92): CConsoleCommandRunner->run()
#3 /var/www/html/chitkar/protected/framework/base/CApplication.php(185): CConsoleApplication->processRequest()
#4 /var/www/html/chitkar/cron.php(6): CApplication->run()
#5 {main}
---
2023/03/26 03:25:01 [error] [exception.TypeError] TypeError: date(): Argument #2 ($timestamp) must be of type ?int, string given in /var/www/html/chitkar/protected/commands/queueCommand.php:22
Stack trace:
#0 /var/www/html/chitkar/protected/commands/queueCommand.php(22): date()
#1 /var/www/html/chitkar/protected/framework/console/CConsoleCommandRunner.php(71): queueCommand->run()
#2 /var/www/html/chitkar/protected/framework/console/CConsoleApplication.php(92): CConsoleCommandRunner->run()
#3 /var/www/html/chitkar/protected/framework/base/CApplication.php(185): CConsoleApplication->processRequest()
#4 /var/www/html/chitkar/cron.php(6): CApplication->run()
#5 {main}
---
2023/03/26 03:30:01 [error] [exception.TypeError] TypeError: date(): Argument #2 ($timestamp) must be of type ?int, string given in /var/www/html/chitkar/protected/commands/queueCommand.php:22
Stack trace:
#0 /var/www/html/chitkar/protected/commands/queueCommand.php(22): date()
#1 /var/www/html/chitkar/protected/framework/console/CConsoleCommandRunner.php(71): queueCommand->run()
#2 /var/www/html/chitkar/protected/framework/console/CConsoleApplication.php(92): CConsoleCommandRunner->run()
#3 /var/www/html/chitkar/protected/framework/base/CApplication.php(185): CConsoleApplication->processRequest()
#4 /var/www/html/chitkar/cron.php(6): CApplication->run()
#5 {main}
---
2023/03/26 03:35:01 [error] [exception.TypeError] TypeError: date(): Argument #2 ($timestamp) must be of type ?int, string given in /var/www/html/chitkar/protected/commands/queueCommand.php:22
Stack trace:
#0 /var/www/html/chitkar/protected/commands/queueCommand.php(22): date()
#1 /var/www/html/chitkar/protected/framework/console/CConsoleCommandRunner.php(71): queueCommand->run()
#2 /var/www/html/chitkar/protected/framework/console/CConsoleApplication.php(92): CConsoleCommandRunner->run()
#3 /var/www/html/chitkar/protected/framework/base/CApplication.php(185): CConsoleApplication->processRequest()
#4 /var/www/html/chitkar/cron.php(6): CApplication->run()
#5 {main}
---
2023/03/26 03:40:01 [error] [exception.TypeError] TypeError: date(): Argument #2 ($timestamp) must be of type ?int, string given in /var/www/html/chitkar/protected/commands/queueCommand.php:22
Stack trace:
#0 /var/www/html/chitkar/protected/commands/queueCommand.php(22): date()
#1 /var/www/html/chitkar/protected/framework/console/CConsoleCommandRunner.php(71): queueCommand->run()
#2 /var/www/html/chitkar/protected/framework/console/CConsoleApplication.php(92): CConsoleCommandRunner->run()
#3 /var/www/html/chitkar/protected/framework/base/CApplication.php(185): CConsoleApplication->processRequest()
#4 /var/www/html/chitkar/cron.php(6): CApplication->run()
#5 {main}
---
2023/03/26 03:45:01 [error] [exception.TypeError] TypeError: date(): Argument #2 ($timestamp) must be of type ?int, string given in /var/www/html/chitkar/protected/commands/queueCommand.php:22
Stack trace:
#0 /var/www/html/chitkar/protected/commands/queueCommand.php(22): date()
#1 /var/www/html/chitkar/protected/framework/console/CConsoleCommandRunner.php(71): queueCommand->run()
#2 /var/www/html/chitkar/protected/framework/console/CConsoleApplication.php(92): CConsoleCommandRunner->run()
#3 /var/www/html/chitkar/protected/framework/base/CApplication.php(185): CConsoleApplication->processRequest()
#4 /var/www/html/chitkar/cron.php(6): CApplication->run()
#5 {main}
---
2023/03/26 03:50:01 [error] [exception.TypeError] TypeError: date(): Argument #2 ($timestamp) must be of type ?int, string given in /var/www/html/chitkar/protected/commands/queueCommand.php:22
Stack trace:
#0 /var/www/html/chitkar/protected/commands/queueCommand.php(22): date()
#1 /var/www/html/chitkar/protected/framework/console/CConsoleCommandRunner.php(71): queueCommand->run()
#2 /var/www/html/chitkar/protected/framework/console/CConsoleApplication.php(92): CConsoleCommandRunner->run()
#3 /var/www/html/chitkar/protected/framework/base/CApplication.php(185): CConsoleApplication->processRequest()
#4 /var/www/html/chitkar/cron.php(6): CApplication->run()
#5 {main}
---
2023/03/26 03:55:01 [error] [exception.TypeError] TypeError: date(): Argument #2 ($timestamp) must be of type ?int, string given in /var/www/html/chitkar/protected/commands/queueCommand.php:22
Stack trace:
#0 /var/www/html/chitkar/protected/commands/queueCommand.php(22): date()
#1 /var/www/html/chitkar/protected/framework/console/CConsoleCommandRunner.php(71): queueCommand->run()
#2 /var/www/html/chitkar/protected/framework/console/CConsoleApplication.php(92): CConsoleCommandRunner->run()
#3 /var/www/html/chitkar/protected/framework/base/CApplication.php(185): CConsoleApplication->processRequest()
#4 /var/www/html/chitkar/cron.php(6): CApplication->run()
#5 {main}
---
2023/03/26 04:00:01 [error] [exception.TypeError] TypeError: date(): Argument #2 ($timestamp) must be of type ?int, string given in /var/www/html/chitkar/protected/commands/queueCommand.php:22
Stack trace:
#0 /var/www/html/chitkar/protected/commands/queueCommand.php(22): date()
#1 /var/www/html/chitkar/protected/framework/console/CConsoleCommandRunner.php(71): queueCommand->run()
#2 /var/www/html/chitkar/protected/framework/console/CConsoleApplication.php(92): CConsoleCommandRunner->run()
#3 /var/www/html/chitkar/protected/framework/base/CApplication.php(185): CConsoleApplication->processRequest()
#4 /var/www/html/chitkar/cron.php(6): CApplication->run()
#5 {main}
---
2023/03/26 04:05:01 [error] [exception.TypeError] TypeError: date(): Argument #2 ($timestamp) must be of type ?int, string given in /var/www/html/chitkar/protected/commands/queueCommand.php:22
Stack trace:
#0 /var/www/html/chitkar/protected/commands/queueCommand.php(22): date()
#1 /var/www/html/chitkar/protected/framework/console/CConsoleCommandRunner.php(71): queueCommand->run()
#2 /var/www/html/chitkar/protected/framework/console/CConsoleApplication.php(92): CConsoleCommandRunner->run()
#3 /var/www/html/chitkar/protected/framework/base/CApplication.php(185): CConsoleApplication->processRequest()
#4 /var/www/html/chitkar/cron.php(6): CApplication->run()
#5 {main}
---
2023/03/26 04:10:01 [error] [exception.TypeError] TypeError: date(): Argument #2 ($timestamp) must be of type ?int, string given in /var/www/html/chitkar/protected/commands/queueCommand.php:22
Stack trace:
#0 /var/www/html/chitkar/protected/commands/queueCommand.php(22): date()
#1 /var/www/html/chitkar/protected/framework/console/CConsoleCommandRunner.php(71): queueCommand->run()
#2 /var/www/html/chitkar/protected/framework/console/CConsoleApplication.php(92): CConsoleCommandRunner->run()
#3 /var/www/html/chitkar/protected/framework/base/CApplication.php(185): CConsoleApplication->processRequest()
#4 /var/www/html/chitkar/cron.php(6): CApplication->run()
#5 {main}
---
2023/03/26 04:15:01 [error] [exception.TypeError] TypeError: date(): Argument #2 ($timestamp) must be of type ?int, string given in /var/www/html/chitkar/protected/commands/queueCommand.php:22
Stack trace:
#0 /var/www/html/chitkar/protected/commands/queueCommand.php(22): date()
#1 /var/www/html/chitkar/protected/framework/console/CConsoleCommandRunner.php(71): queueCommand->run()
#2 /var/www/html/chitkar/protected/framework/console/CConsoleApplication.php(92): CConsoleCommandRunner->run()
#3 /var/www/html/chitkar/protected/framework/base/CApplication.php(185): CConsoleApplication->processRequest()
#4 /var/www/html/chitkar/cron.php(6): CApplication->run()
#5 {main}
---
2023/03/26 04:20:01 [error] [exception.TypeError] TypeError: date(): Argument #2 ($timestamp) must be of type ?int, string given in /var/www/html/chitkar/protected/commands/queueCommand.php:22
Stack trace:
#0 /var/www/html/chitkar/protected/commands/queueCommand.php(22): date()
#1 /var/www/html/chitkar/protected/framework/console/CConsoleCommandRunner.php(71): queueCommand->run()
#2 /var/www/html/chitkar/protected/framework/console/CConsoleApplication.php(92): CConsoleCommandRunner->run()
#3 /var/www/html/chitkar/protected/framework/base/CApplication.php(185): CConsoleApplication->processRequest()
#4 /var/www/html/chitkar/cron.php(6): CApplication->run()
#5 {main}
---
2023/03/26 04:25:12 [error] [exception.Error] Error: Call to undefined function each() in /var/www/html/chitkar/protected/extensions/YiiMailer/PHPMailer/class.smtp.php:622
Stack trace:
#0 /var/www/html/chitkar/protected/extensions/YiiMailer/PHPMailer/class.phpmailer.php(1059): SMTP->Data()
#1 /var/www/html/chitkar/protected/extensions/YiiMailer/PHPMailer/class.phpmailer.php(881): PHPMailer->SmtpSend()
#2 /var/www/html/chitkar/protected/extensions/YiiMailer/YiiMailer.php(521): PHPMailer->PostSend()
#3 /var/www/html/chitkar/protected/commands/queueCommand.php(94): YiiMailer->send()
#4 /var/www/html/chitkar/protected/framework/console/CConsoleCommandRunner.php(71): queueCommand->run()
#5 /var/www/html/chitkar/protected/framework/console/CConsoleApplication.php(92): CConsoleCommandRunner->run()
#6 /var/www/html/chitkar/protected/framework/base/CApplication.php(185): CConsoleApplication->processRequest()
#7 /var/www/html/chitkar/cron.php(6): CApplication->run()
#8 {main}
---
2023/03/26 04:30:01 [error] [exception.TypeError] TypeError: date(): Argument #2 ($timestamp) must be of type ?int, string given in /var/www/html/chitkar/protected/commands/queueCommand.php:22
Stack trace:
#0 /var/www/html/chitkar/protected/commands/queueCommand.php(22): date()
#1 /var/www/html/chitkar/protected/framework/console/CConsoleCommandRunner.php(71): queueCommand->run()
#2 /var/www/html/chitkar/protected/framework/console/CConsoleApplication.php(92): CConsoleCommandRunner->run()
#3 /var/www/html/chitkar/protected/framework/base/CApplication.php(185): CConsoleApplication->processRequest()
#4 /var/www/html/chitkar/cron.php(6): CApplication->run()
#5 {main}
---
2023/03/26 04:35:01 [error] [exception.TypeError] TypeError: date(): Argument #2 ($timestamp) must be of type ?int, string given in /var/www/html/chitkar/protected/commands/queueCommand.php:22
Stack trace:
#0 /var/www/html/chitkar/protected/commands/queueCommand.php(22): date()
#1 /var/www/html/chitkar/protected/framework/console/CConsoleCommandRunner.php(71): queueCommand->run()
#2 /var/www/html/chitkar/protected/framework/console/CConsoleApplication.php(92): CConsoleCommandRunner->run()
#3 /var/www/html/chitkar/protected/framework/base/CApplication.php(185): CConsoleApplication->processRequest()
#4 /var/www/html/chitkar/cron.php(6): CApplication->run()
#5 {main}
---
2023/03/26 04:40:01 [error] [exception.TypeError] TypeError: date(): Argument #2 ($timestamp) must be of type ?int, string given in /var/www/html/chitkar/protected/commands/queueCommand.php:22
Stack trace:
#0 /var/www/html/chitkar/protected/commands/queueCommand.php(22): date()
#1 /var/www/html/chitkar/protected/framework/console/CConsoleCommandRunner.php(71): queueCommand->run()
#2 /var/www/html/chitkar/protected/framework/console/CConsoleApplication.php(92): CConsoleCommandRunner->run()
#3 /var/www/html/chitkar/protected/framework/base/CApplication.php(185): CConsoleApplication->processRequest()
#4 /var/www/html/chitkar/cron.php(6): CApplication->run()
#5 {main}
---
2023/03/26 04:45:01 [error] [exception.TypeError] TypeError: date(): Argument #2 ($timestamp) must be of type ?int, string given in /var/www/html/chitkar/protected/commands/queueCommand.php:22
Stack trace:
#0 /var/www/html/chitkar/protected/commands/queueCommand.php(22): date()
#1 /var/www/html/chitkar/protected/framework/console/CConsoleCommandRunner.php(71): queueCommand->run()
#2 /var/www/html/chitkar/protected/framework/console/CConsoleApplication.php(92): CConsoleCommandRunner->run()
#3 /var/www/html/chitkar/protected/framework/base/CApplication.php(185): CConsoleApplication->processRequest()
#4 /var/www/html/chitkar/cron.php(6): CApplication->run()
#5 {main}
---
2023/03/26 04:50:01 [error] [exception.TypeError] TypeError: date(): Argument #2 ($timestamp) must be of type ?int, string given in /var/www/html/chitkar/protected/commands/queueCommand.php:22
Stack trace:
#0 /var/www/html/chitkar/protected/commands/queueCommand.php(22): date()
#1 /var/www/html/chitkar/protected/framework/console/CConsoleCommandRunner.php(71): queueCommand->run()
#2 /var/www/html/chitkar/protected/framework/console/CConsoleApplication.php(92): CConsoleCommandRunner->run()
#3 /var/www/html/chitkar/protected/framework/base/CApplication.php(185): CConsoleApplication->processRequest()
#4 /var/www/html/chitkar/cron.php(6): CApplication->run()
#5 {main}
---
2023/03/26 04:55:01 [error] [exception.TypeError] TypeError: date(): Argument #2 ($timestamp) must be of type ?int, string given in /var/www/html/chitkar/protected/commands/queueCommand.php:22
Stack trace:
#0 /var/www/html/chitkar/protected/commands/queueCommand.php(22): date()
#1 /var/www/html/chitkar/protected/framework/console/CConsoleCommandRunner.php(71): queueCommand->run()
#2 /var/www/html/chitkar/protected/framework/console/CConsoleApplication.php(92): CConsoleCommandRunner->run()
#3 /var/www/html/chitkar/protected/framework/base/CApplication.php(185): CConsoleApplication->processRequest()
#4 /var/www/html/chitkar/cron.php(6): CApplication->run()
#5 {main}
---
2023/03/26 05:00:01 [error] [exception.TypeError] TypeError: date(): Argument #2 ($timestamp) must be of type ?int, string given in /var/www/html/chitkar/protected/commands/queueCommand.php:22
Stack trace:
#0 /var/www/html/chitkar/protected/commands/queueCommand.php(22): date()
#1 /var/www/html/chitkar/protected/framework/console/CConsoleCommandRunner.php(71): queueCommand->run()
#2 /var/www/html/chitkar/protected/framework/console/CConsoleApplication.php(92): CConsoleCommandRunner->run()
#3 /var/www/html/chitkar/protected/framework/base/CApplication.php(185): CConsoleApplication->processRequest()
#4 /var/www/html/chitkar/cron.php(6): CApplication->run()
#5 {main}
---
2023/03/26 05:05:01 [error] [exception.TypeError] TypeError: date(): Argument #2 ($timestamp) must be of type ?int, string given in /var/www/html/chitkar/protected/commands/queueCommand.php:22
Stack trace:
#0 /var/www/html/chitkar/protected/commands/queueCommand.php(22): date()
#1 /var/www/html/chitkar/protected/framework/console/CConsoleCommandRunner.php(71): queueCommand->run()
#2 /var/www/html/chitkar/protected/framework/console/CConsoleApplication.php(92): CConsoleCommandRunner->run()
#3 /var/www/html/chitkar/protected/framework/base/CApplication.php(185): CConsoleApplication->processRequest()
#4 /var/www/html/chitkar/cron.php(6): CApplication->run()
#5 {main}
---
2023/03/26 05:10:01 [error] [exception.TypeError] TypeError: date(): Argument #2 ($timestamp) must be of type ?int, string given in /var/www/html/chitkar/protected/commands/queueCommand.php:22
Stack trace:
#0 /var/www/html/chitkar/protected/commands/queueCommand.php(22): date()
#1 /var/www/html/chitkar/protected/framework/console/CConsoleCommandRunner.php(71): queueCommand->run()
#2 /var/www/html/chitkar/protected/framework/console/CConsoleApplication.php(92): CConsoleCommandRunner->run()
#3 /var/www/html/chitkar/protected/framework/base/CApplication.php(185): CConsoleApplication->processRequest()
#4 /var/www/html/chitkar/cron.php(6): CApplication->run()
#5 {main}
---
2023/03/26 05:15:01 [error] [exception.TypeError] TypeError: date(): Argument #2 ($timestamp) must be of type ?int, string given in /var/www/html/chitkar/protected/commands/queueCommand.php:22
Stack trace:
#0 /var/www/html/chitkar/protected/commands/queueCommand.php(22): date()
#1 /var/www/html/chitkar/protected/framework/console/CConsoleCommandRunner.php(71): queueCommand->run()
#2 /var/www/html/chitkar/protected/framework/console/CConsoleApplication.php(92): CConsoleCommandRunner->run()
#3 /var/www/html/chitkar/protected/framework/base/CApplication.php(185): CConsoleApplication->processRequest()
#4 /var/www/html/chitkar/cron.php(6): CApplication->run()
#5 {main}
---
2023/03/26 05:20:01 [error] [exception.TypeError] TypeError: date(): Argument #2 ($timestamp) must be of type ?int, string given in /var/www/html/chitkar/protected/commands/queueCommand.php:22
Stack trace:
#0 /var/www/html/chitkar/protected/commands/queueCommand.php(22): date()
#1 /var/www/html/chitkar/protected/framework/console/CConsoleCommandRunner.php(71): queueCommand->run()
#2 /var/www/html/chitkar/protected/framework/console/CConsoleApplication.php(92): CConsoleCommandRunner->run()
#3 /var/www/html/chitkar/protected/framework/base/CApplication.php(185): CConsoleApplication->processRequest()
#4 /var/www/html/chitkar/cron.php(6): CApplication->run()
#5 {main}
---
2023/03/26 05:25:01 [error] [exception.TypeError] TypeError: date(): Argument #2 ($timestamp) must be of type ?int, string given in /var/www/html/chitkar/protected/commands/queueCommand.php:22
Stack trace:
#0 /var/www/html/chitkar/protected/commands/queueCommand.php(22): date()
#1 /var/www/html/chitkar/protected/framework/console/CConsoleCommandRunner.php(71): queueCommand->run()
#2 /var/www/html/chitkar/protected/framework/console/CConsoleApplication.php(92): CConsoleCommandRunner->run()
#3 /var/www/html/chitkar/protected/framework/base/CApplication.php(185): CConsoleApplication->processRequest()
#4 /var/www/html/chitkar/cron.php(6): CApplication->run()
#5 {main}
---
2023/03/26 05:30:01 [error] [exception.TypeError] TypeError: date(): Argument #2 ($timestamp) must be of type ?int, string given in /var/www/html/chitkar/protected/commands/queueCommand.php:22
Stack trace:
#0 /var/www/html/chitkar/protected/commands/queueCommand.php(22): date()
#1 /var/www/html/chitkar/protected/framework/console/CConsoleCommandRunner.php(71): queueCommand->run()
#2 /var/www/html/chitkar/protected/framework/console/CConsoleApplication.php(92): CConsoleCommandRunner->run()
#3 /var/www/html/chitkar/protected/framework/base/CApplication.php(185): CConsoleApplication->processRequest()
#4 /var/www/html/chitkar/cron.php(6): CApplication->run()
#5 {main}
---
2023/03/26 05:35:02 [error] [exception.TypeError] TypeError: date(): Argument #2 ($timestamp) must be of type ?int, string given in /var/www/html/chitkar/protected/commands/queueCommand.php:22
Stack trace:
#0 /var/www/html/chitkar/protected/commands/queueCommand.php(22): date()
#1 /var/www/html/chitkar/protected/framework/console/CConsoleCommandRunner.php(71): queueCommand->run()
#2 /var/www/html/chitkar/protected/framework/console/CConsoleApplication.php(92): CConsoleCommandRunner->run()
#3 /var/www/html/chitkar/protected/framework/base/CApplication.php(185): CConsoleApplication->processRequest()
#4 /var/www/html/chitkar/cron.php(6): CApplication->run()
#5 {main}
---
2023/03/26 05:40:01 [error] [exception.TypeError] TypeError: date(): Argument #2 ($timestamp) must be of type ?int, string given in /var/www/html/chitkar/protected/commands/queueCommand.php:22
Stack trace:
#0 /var/www/html/chitkar/protected/commands/queueCommand.php(22): date()
#1 /var/www/html/chitkar/protected/framework/console/CConsoleCommandRunner.php(71): queueCommand->run()
#2 /var/www/html/chitkar/protected/framework/console/CConsoleApplication.php(92): CConsoleCommandRunner->run()
#3 /var/www/html/chitkar/protected/framework/base/CApplication.php(185): CConsoleApplication->processRequest()
#4 /var/www/html/chitkar/cron.php(6): CApplication->run()
#5 {main}
---
2023/03/26 05:45:01 [error] [exception.TypeError] TypeError: date(): Argument #2 ($timestamp) must be of type ?int, string given in /var/www/html/chitkar/protected/commands/queueCommand.php:22
Stack trace:
#0 /var/www/html/chitkar/protected/commands/queueCommand.php(22): date()
#1 /var/www/html/chitkar/protected/framework/console/CConsoleCommandRunner.php(71): queueCommand->run()
#2 /var/www/html/chitkar/protected/framework/console/CConsoleApplication.php(92): CConsoleCommandRunner->run()
#3 /var/www/html/chitkar/protected/framework/base/CApplication.php(185): CConsoleApplication->processRequest()
#4 /var/www/html/chitkar/cron.php(6): CApplication->run()
#5 {main}
---
2023/03/26 05:50:01 [error] [exception.TypeError] TypeError: date(): Argument #2 ($timestamp) must be of type ?int, string given in /var/www/html/chitkar/protected/commands/queueCommand.php:22
Stack trace:
#0 /var/www/html/chitkar/protected/commands/queueCommand.php(22): date()
#1 /var/www/html/chitkar/protected/framework/console/CConsoleCommandRunner.php(71): queueCommand->run()
#2 /var/www/html/chitkar/protected/framework/console/CConsoleApplication.php(92): CConsoleCommandRunner->run()
#3 /var/www/html/chitkar/protected/framework/base/CApplication.php(185): CConsoleApplication->processRequest()
#4 /var/www/html/chitkar/cron.php(6): CApplication->run()
#5 {main}
---
2023/03/26 05:55:01 [error] [exception.TypeError] TypeError: date(): Argument #2 ($timestamp) must be of type ?int, string given in /var/www/html/chitkar/protected/commands/queueCommand.php:22
Stack trace:
#0 /var/www/html/chitkar/protected/commands/queueCommand.php(22): date()
#1 /var/www/html/chitkar/protected/framework/console/CConsoleCommandRunner.php(71): queueCommand->run()
#2 /var/www/html/chitkar/protected/framework/console/CConsoleApplication.php(92): CConsoleCommandRunner->run()
#3 /var/www/html/chitkar/protected/framework/base/CApplication.php(185): CConsoleApplication->processRequest()
#4 /var/www/html/chitkar/cron.php(6): CApplication->run()
#5 {main}
---
2023/03/26 06:00:01 [error] [exception.TypeError] TypeError: date(): Argument #2 ($timestamp) must be of type ?int, string given in /var/www/html/chitkar/protected/commands/queueCommand.php:22
Stack trace:
#0 /var/www/html/chitkar/protected/commands/queueCommand.php(22): date()
#1 /var/www/html/chitkar/protected/framework/console/CConsoleCommandRunner.php(71): queueCommand->run()
#2 /var/www/html/chitkar/protected/framework/console/CConsoleApplication.php(92): CConsoleCommandRunner->run()
#3 /var/www/html/chitkar/protected/framework/base/CApplication.php(185): CConsoleApplication->processRequest()
#4 /var/www/html/chitkar/cron.php(6): CApplication->run()
#5 {main}
---
2023/03/26 06:05:01 [error] [exception.TypeError] TypeError: date(): Argument #2 ($timestamp) must be of type ?int, string given in /var/www/html/chitkar/protected/commands/queueCommand.php:22
Stack trace:
#0 /var/www/html/chitkar/protected/commands/queueCommand.php(22): date()
#1 /var/www/html/chitkar/protected/framework/console/CConsoleCommandRunner.php(71): queueCommand->run()
#2 /var/www/html/chitkar/protected/framework/console/CConsoleApplication.php(92): CConsoleCommandRunner->run()
#3 /var/www/html/chitkar/protected/framework/base/CApplication.php(185): CConsoleApplication->processRequest()
#4 /var/www/html/chitkar/cron.php(6): CApplication->run()
#5 {main}
---
2023/03/26 06:10:01 [error] [exception.TypeError] TypeError: date(): Argument #2 ($timestamp) must be of type ?int, string given in /var/www/html/chitkar/protected/commands/queueCommand.php:22
Stack trace:
#0 /var/www/html/chitkar/protected/commands/queueCommand.php(22): date()
#1 /var/www/html/chitkar/protected/framework/console/CConsoleCommandRunner.php(71): queueCommand->run()
#2 /var/www/html/chitkar/protected/framework/console/CConsoleApplication.php(92): CConsoleCommandRunner->run()
#3 /var/www/html/chitkar/protected/framework/base/CApplication.php(185): CConsoleApplication->processRequest()
#4 /var/www/html/chitkar/cron.php(6): CApplication->run()
#5 {main}
---
2023/03/26 06:15:01 [error] [exception.TypeError] TypeError: date(): Argument #2 ($timestamp) must be of type ?int, string given in /var/www/html/chitkar/protected/commands/queueCommand.php:22
Stack trace:
#0 /var/www/html/chitkar/protected/commands/queueCommand.php(22): date()
#1 /var/www/html/chitkar/protected/framework/console/CConsoleCommandRunner.php(71): queueCommand->run()
#2 /var/www/html/chitkar/protected/framework/console/CConsoleApplication.php(92): CConsoleCommandRunner->run()
#3 /var/www/html/chitkar/protected/framework/base/CApplication.php(185): CConsoleApplication->processRequest()
#4 /var/www/html/chitkar/cron.php(6): CApplication->run()
#5 {main}
---
2023/03/26 06:20:01 [error] [exception.TypeError] TypeError: date(): Argument #2 ($timestamp) must be of type ?int, string given in /var/www/html/chitkar/protected/commands/queueCommand.php:22
Stack trace:
#0 /var/www/html/chitkar/protected/commands/queueCommand.php(22): date()
#1 /var/www/html/chitkar/protected/framework/console/CConsoleCommandRunner.php(71): queueCommand->run()
#2 /var/www/html/chitkar/protected/framework/console/CConsoleApplication.php(92): CConsoleCommandRunner->run()
#3 /var/www/html/chitkar/protected/framework/base/CApplication.php(185): CConsoleApplication->processRequest()
#4 /var/www/html/chitkar/cron.php(6): CApplication->run()
#5 {main}
---
2023/03/26 06:25:01 [error] [exception.TypeError] TypeError: date(): Argument #2 ($timestamp) must be of type ?int, string given in /var/www/html/chitkar/protected/commands/queueCommand.php:22
Stack trace:
#0 /var/www/html/chitkar/protected/commands/queueCommand.php(22): date()
#1 /var/www/html/chitkar/protected/framework/console/CConsoleCommandRunner.php(71): queueCommand->run()
#2 /var/www/html/chitkar/protected/framework/console/CConsoleApplication.php(92): CConsoleCommandRunner->run()
#3 /var/www/html/chitkar/protected/framework/base/CApplication.php(185): CConsoleApplication->processRequest()
#4 /var/www/html/chitkar/cron.php(6): CApplication->run()
#5 {main}
---
2023/03/26 06:30:01 [error] [exception.TypeError] TypeError: date(): Argument #2 ($timestamp) must be of type ?int, string given in /var/www/html/chitkar/protected/commands/queueCommand.php:22
Stack trace:
#0 /var/www/html/chitkar/protected/commands/queueCommand.php(22): date()
#1 /var/www/html/chitkar/protected/framework/console/CConsoleCommandRunner.php(71): queueCommand->run()
#2 /var/www/html/chitkar/protected/framework/console/CConsoleApplication.php(92): CConsoleCommandRunner->run()
#3 /var/www/html/chitkar/protected/framework/base/CApplication.php(185): CConsoleApplication->processRequest()
#4 /var/www/html/chitkar/cron.php(6): CApplication->run()
#5 {main}
---
2023/03/26 06:35:01 [error] [exception.TypeError] TypeError: date(): Argument #2 ($timestamp) must be of type ?int, string given in /var/www/html/chitkar/protected/commands/queueCommand.php:22
Stack trace:
#0 /var/www/html/chitkar/protected/commands/queueCommand.php(22): date()
#1 /var/www/html/chitkar/protected/framework/console/CConsoleCommandRunner.php(71): queueCommand->run()
#2 /var/www/html/chitkar/protected/framework/console/CConsoleApplication.php(92): CConsoleCommandRunner->run()
#3 /var/www/html/chitkar/protected/framework/base/CApplication.php(185): CConsoleApplication->processRequest()
#4 /var/www/html/chitkar/cron.php(6): CApplication->run()
#5 {main}
---
2023/03/26 06:40:01 [error] [exception.TypeError] TypeError: date(): Argument #2 ($timestamp) must be of type ?int, string given in /var/www/html/chitkar/protected/commands/queueCommand.php:22
Stack trace:
#0 /var/www/html/chitkar/protected/commands/queueCommand.php(22): date()
#1 /var/www/html/chitkar/protected/framework/console/CConsoleCommandRunner.php(71): queueCommand->run()
#2 /var/www/html/chitkar/protected/framework/console/CConsoleApplication.php(92): CConsoleCommandRunner->run()
#3 /var/www/html/chitkar/protected/framework/base/CApplication.php(185): CConsoleApplication->processRequest()
#4 /var/www/html/chitkar/cron.php(6): CApplication->run()
#5 {main}
---
2023/03/26 06:45:01 [error] [exception.TypeError] TypeError: date(): Argument #2 ($timestamp) must be of type ?int, string given in /var/www/html/chitkar/protected/commands/queueCommand.php:22
Stack trace:
#0 /var/www/html/chitkar/protected/commands/queueCommand.php(22): date()
#1 /var/www/html/chitkar/protected/framework/console/CConsoleCommandRunner.php(71): queueCommand->run()
#2 /var/www/html/chitkar/protected/framework/console/CConsoleApplication.php(92): CConsoleCommandRunner->run()
#3 /var/www/html/chitkar/protected/framework/base/CApplication.php(185): CConsoleApplication->processRequest()
#4 /var/www/html/chitkar/cron.php(6): CApplication->run()
#5 {main}
---
2023/03/26 06:50:01 [error] [exception.TypeError] TypeError: date(): Argument #2 ($timestamp) must be of type ?int, string given in /var/www/html/chitkar/protected/commands/queueCommand.php:22
Stack trace:
#0 /var/www/html/chitkar/protected/commands/queueCommand.php(22): date()
#1 /var/www/html/chitkar/protected/framework/console/CConsoleCommandRunner.php(71): queueCommand->run()
#2 /var/www/html/chitkar/protected/framework/console/CConsoleApplication.php(92): CConsoleCommandRunner->run()
#3 /var/www/html/chitkar/protected/framework/base/CApplication.php(185): CConsoleApplication->processRequest()
#4 /var/www/html/chitkar/cron.php(6): CApplication->run()
#5 {main}
---
2023/03/26 06:55:01 [error] [exception.TypeError] TypeError: date(): Argument #2 ($timestamp) must be of type ?int, string given in /var/www/html/chitkar/protected/commands/queueCommand.php:22
Stack trace:
#0 /var/www/html/chitkar/protected/commands/queueCommand.php(22): date()
#1 /var/www/html/chitkar/protected/framework/console/CConsoleCommandRunner.php(71): queueCommand->run()
#2 /var/www/html/chitkar/protected/framework/console/CConsoleApplication.php(92): CConsoleCommandRunner->run()
#3 /var/www/html/chitkar/protected/framework/base/CApplication.php(185): CConsoleApplication->processRequest()
#4 /var/www/html/chitkar/cron.php(6): CApplication->run()
#5 {main}
---
2023/03/26 07:00:01 [error] [exception.TypeError] TypeError: date(): Argument #2 ($timestamp) must be of type ?int, string given in /var/www/html/chitkar/protected/commands/queueCommand.php:22
Stack trace:
#0 /var/www/html/chitkar/protected/commands/queueCommand.php(22): date()
#1 /var/www/html/chitkar/protected/framework/console/CConsoleCommandRunner.php(71): queueCommand->run()
#2 /var/www/html/chitkar/protected/framework/console/CConsoleApplication.php(92): CConsoleCommandRunner->run()
#3 /var/www/html/chitkar/protected/framework/base/CApplication.php(185): CConsoleApplication->processRequest()
#4 /var/www/html/chitkar/cron.php(6): CApplication->run()
#5 {main}
---
2023/03/26 07:05:01 [error] [exception.TypeError] TypeError: date(): Argument #2 ($timestamp) must be of type ?int, string given in /var/www/html/chitkar/protected/commands/queueCommand.php:22
Stack trace:
#0 /var/www/html/chitkar/protected/commands/queueCommand.php(22): date()
#1 /var/www/html/chitkar/protected/framework/console/CConsoleCommandRunner.php(71): queueCommand->run()
#2 /var/www/html/chitkar/protected/framework/console/CConsoleApplication.php(92): CConsoleCommandRunner->run()
#3 /var/www/html/chitkar/protected/framework/base/CApplication.php(185): CConsoleApplication->processRequest()
#4 /var/www/html/chitkar/cron.php(6): CApplication->run()
#5 {main}
---
2023/03/26 07:10:01 [error] [exception.TypeError] TypeError: date(): Argument #2 ($timestamp) must be of type ?int, string given in /var/www/html/chitkar/protected/commands/queueCommand.php:22
Stack trace:
#0 /var/www/html/chitkar/protected/commands/queueCommand.php(22): date()
#1 /var/www/html/chitkar/protected/framework/console/CConsoleCommandRunner.php(71): queueCommand->run()
#2 /var/www/html/chitkar/protected/framework/console/CConsoleApplication.php(92): CConsoleCommandRunner->run()
#3 /var/www/html/chitkar/protected/framework/base/CApplication.php(185): CConsoleApplication->processRequest()
#4 /var/www/html/chitkar/cron.php(6): CApplication->run()
#5 {main}
---
2023/03/26 07:15:01 [error] [exception.TypeError] TypeError: date(): Argument #2 ($timestamp) must be of type ?int, string given in /var/www/html/chitkar/protected/commands/queueCommand.php:22
Stack trace:
#0 /var/www/html/chitkar/protected/commands/queueCommand.php(22): date()
#1 /var/www/html/chitkar/protected/framework/console/CConsoleCommandRunner.php(71): queueCommand->run()
#2 /var/www/html/chitkar/protected/framework/console/CConsoleApplication.php(92): CConsoleCommandRunner->run()
#3 /var/www/html/chitkar/protected/framework/base/CApplication.php(185): CConsoleApplication->processRequest()
#4 /var/www/html/chitkar/cron.php(6): CApplication->run()
#5 {main}
---
2023/03/26 07:20:01 [error] [exception.TypeError] TypeError: date(): Argument #2 ($timestamp) must be of type ?int, string given in /var/www/html/chitkar/protected/commands/queueCommand.php:22
Stack trace:
#0 /var/www/html/chitkar/protected/commands/queueCommand.php(22): date()
#1 /var/www/html/chitkar/protected/framework/console/CConsoleCommandRunner.php(71): queueCommand->run()
#2 /var/www/html/chitkar/protected/framework/console/CConsoleApplication.php(92): CConsoleCommandRunner->run()
#3 /var/www/html/chitkar/protected/framework/base/CApplication.php(185): CConsoleApplication->processRequest()
#4 /var/www/html/chitkar/cron.php(6): CApplication->run()
#5 {main}
---
2023/03/26 07:25:01 [error] [exception.TypeError] TypeError: date(): Argument #2 ($timestamp) must be of type ?int, string given in /var/www/html/chitkar/protected/commands/queueCommand.php:22
Stack trace:
#0 /var/www/html/chitkar/protected/commands/queueCommand.php(22): date()
#1 /var/www/html/chitkar/protected/framework/console/CConsoleCommandRunner.php(71): queueCommand->run()
#2 /var/www/html/chitkar/protected/framework/console/CConsoleApplication.php(92): CConsoleCommandRunner->run()
#3 /var/www/html/chitkar/protected/framework/base/CApplication.php(185): CConsoleApplication->processRequest()
#4 /var/www/html/chitkar/cron.php(6): CApplication->run()
#5 {main}
---
2023/03/26 07:30:11 [error] [exception.Error] Error: Call to undefined function each() in /var/www/html/chitkar/protected/extensions/YiiMailer/PHPMailer/class.smtp.php:622
Stack trace:
#0 /var/www/html/chitkar/protected/extensions/YiiMailer/PHPMailer/class.phpmailer.php(1059): SMTP->Data()
#1 /var/www/html/chitkar/protected/extensions/YiiMailer/PHPMailer/class.phpmailer.php(881): PHPMailer->SmtpSend()
#2 /var/www/html/chitkar/protected/extensions/YiiMailer/YiiMailer.php(521): PHPMailer->PostSend()
#3 /var/www/html/chitkar/protected/commands/queueCommand.php(94): YiiMailer->send()
#4 /var/www/html/chitkar/protected/framework/console/CConsoleCommandRunner.php(71): queueCommand->run()
#5 /var/www/html/chitkar/protected/framework/console/CConsoleApplication.php(92): CConsoleCommandRunner->run()
#6 /var/www/html/chitkar/protected/framework/base/CApplication.php(185): CConsoleApplication->processRequest()
#7 /var/www/html/chitkar/cron.php(6): CApplication->run()
#8 {main}
---
2023/03/26 07:35:01 [error] [exception.TypeError] TypeError: date(): Argument #2 ($timestamp) must be of type ?int, string given in /var/www/html/chitkar/protected/commands/queueCommand.php:22
Stack trace:
#0 /var/www/html/chitkar/protected/commands/queueCommand.php(22): date()
#1 /var/www/html/chitkar/protected/framework/console/CConsoleCommandRunner.php(71): queueCommand->run()
#2 /var/www/html/chitkar/protected/framework/console/CConsoleApplication.php(92): CConsoleCommandRunner->run()
#3 /var/www/html/chitkar/protected/framework/base/CApplication.php(185): CConsoleApplication->processRequest()
#4 /var/www/html/chitkar/cron.php(6): CApplication->run()
#5 {main}
---
2023/03/26 07:40:01 [error] [exception.TypeError] TypeError: date(): Argument #2 ($timestamp) must be of type ?int, string given in /var/www/html/chitkar/protected/commands/queueCommand.php:22
Stack trace:
#0 /var/www/html/chitkar/protected/commands/queueCommand.php(22): date()
#1 /var/www/html/chitkar/protected/framework/console/CConsoleCommandRunner.php(71): queueCommand->run()
#2 /var/www/html/chitkar/protected/framework/console/CConsoleApplication.php(92): CConsoleCommandRunner->run()
#3 /var/www/html/chitkar/protected/framework/base/CApplication.php(185): CConsoleApplication->processRequest()
#4 /var/www/html/chitkar/cron.php(6): CApplication->run()
#5 {main}
---
2023/03/26 07:45:01 [error] [exception.TypeError] TypeError: date(): Argument #2 ($timestamp) must be of type ?int, string given in /var/www/html/chitkar/protected/commands/queueCommand.php:22
Stack trace:
#0 /var/www/html/chitkar/protected/commands/queueCommand.php(22): date()
#1 /var/www/html/chitkar/protected/framework/console/CConsoleCommandRunner.php(71): queueCommand->run()
#2 /var/www/html/chitkar/protected/framework/console/CConsoleApplication.php(92): CConsoleCommandRunner->run()
#3 /var/www/html/chitkar/protected/framework/base/CApplication.php(185): CConsoleApplication->processRequest()
#4 /var/www/html/chitkar/cron.php(6): CApplication->run()
#5 {main}
---
2023/03/26 07:50:01 [error] [exception.TypeError] TypeError: date(): Argument #2 ($timestamp) must be of type ?int, string given in /var/www/html/chitkar/protected/commands/queueCommand.php:22
Stack trace:
#0 /var/www/html/chitkar/protected/commands/queueCommand.php(22): date()
#1 /var/www/html/chitkar/protected/framework/console/CConsoleCommandRunner.php(71): queueCommand->run()
#2 /var/www/html/chitkar/protected/framework/console/CConsoleApplication.php(92): CConsoleCommandRunner->run()
#3 /var/www/html/chitkar/protected/framework/base/CApplication.php(185): CConsoleApplication->processRequest()
#4 /var/www/html/chitkar/cron.php(6): CApplication->run()
#5 {main}
---
2023/03/26 07:55:01 [error] [exception.TypeError] TypeError: date(): Argument #2 ($timestamp) must be of type ?int, string given in /var/www/html/chitkar/protected/commands/queueCommand.php:22
Stack trace:
#0 /var/www/html/chitkar/protected/commands/queueCommand.php(22): date()
#1 /var/www/html/chitkar/protected/framework/console/CConsoleCommandRunner.php(71): queueCommand->run()
#2 /var/www/html/chitkar/protected/framework/console/CConsoleApplication.php(92): CConsoleCommandRunner->run()
#3 /var/www/html/chitkar/protected/framework/base/CApplication.php(185): CConsoleApplication->processRequest()
#4 /var/www/html/chitkar/cron.php(6): CApplication->run()
#5 {main}
---
2023/03/26 08:00:01 [error] [exception.TypeError] TypeError: date(): Argument #2 ($timestamp) must be of type ?int, string given in /var/www/html/chitkar/protected/commands/queueCommand.php:22
Stack trace:
#0 /var/www/html/chitkar/protected/commands/queueCommand.php(22): date()
#1 /var/www/html/chitkar/protected/framework/console/CConsoleCommandRunner.php(71): queueCommand->run()
#2 /var/www/html/chitkar/protected/framework/console/CConsoleApplication.php(92): CConsoleCommandRunner->run()
#3 /var/www/html/chitkar/protected/framework/base/CApplication.php(185): CConsoleApplication->processRequest()
#4 /var/www/html/chitkar/cron.php(6): CApplication->run()
#5 {main}
---
2023/03/26 08:05:01 [error] [exception.TypeError] TypeError: date(): Argument #2 ($timestamp) must be of type ?int, string given in /var/www/html/chitkar/protected/commands/queueCommand.php:22
Stack trace:
#0 /var/www/html/chitkar/protected/commands/queueCommand.php(22): date()
#1 /var/www/html/chitkar/protected/framework/console/CConsoleCommandRunner.php(71): queueCommand->run()
#2 /var/www/html/chitkar/protected/framework/console/CConsoleApplication.php(92): CConsoleCommandRunner->run()
#3 /var/www/html/chitkar/protected/framework/base/CApplication.php(185): CConsoleApplication->processRequest()
#4 /var/www/html/chitkar/cron.php(6): CApplication->run()
#5 {main}
---
2023/03/26 08:10:01 [error] [exception.TypeError] TypeError: date(): Argument #2 ($timestamp) must be of type ?int, string given in /var/www/html/chitkar/protected/commands/queueCommand.php:22
Stack trace:
#0 /var/www/html/chitkar/protected/commands/queueCommand.php(22): date()
#1 /var/www/html/chitkar/protected/framework/console/CConsoleCommandRunner.php(71): queueCommand->run()
#2 /var/www/html/chitkar/protected/framework/console/CConsoleApplication.php(92): CConsoleCommandRunner->run()
#3 /var/www/html/chitkar/protected/framework/base/CApplication.php(185): CConsoleApplication->processRequest()
#4 /var/www/html/chitkar/cron.php(6): CApplication->run()
#5 {main}
---
2023/03/26 09:05:01 [error] [exception.Error] Error: Class "PHPMailer\PHPMailer\PHPMailer" not found in /var/www/html/chitkar/protected/commands/queueCommand.php:47
Stack trace:
#0 /var/www/html/chitkar/protected/framework/console/CConsoleCommandRunner.php(71): queueCommand->run()
#1 /var/www/html/chitkar/protected/framework/console/CConsoleApplication.php(92): CConsoleCommandRunner->run()
#2 /var/www/html/chitkar/protected/framework/base/CApplication.php(185): CConsoleApplication->processRequest()
#3 /var/www/html/chitkar/cron.php(6): CApplication->run()
#4 {main}
---
2023/03/26 09:15:01 [error] [exception.Error] Error: Class "PHPMailer\PHPMailer\PHPMailer" not found in /var/www/html/chitkar/protected/commands/queueCommand.php:47
Stack trace:
#0 /var/www/html/chitkar/protected/framework/console/CConsoleCommandRunner.php(71): queueCommand->run()
#1 /var/www/html/chitkar/protected/framework/console/CConsoleApplication.php(92): CConsoleCommandRunner->run()
#2 /var/www/html/chitkar/protected/framework/base/CApplication.php(185): CConsoleApplication->processRequest()
#3 /var/www/html/chitkar/cron.php(6): CApplication->run()
#4 {main}
---
2023/03/26 12:25:01 [error] [exception.Error] Error: Call to undefined method PHPMailer\PHPMailer\PHPMailer::setSubject() in /var/www/html/chitkar/protected/commands/queueCommand.php:103
Stack trace:
#0 /var/www/html/chitkar/protected/framework/console/CConsoleCommandRunner.php(71): queueCommand->run()
#1 /var/www/html/chitkar/protected/framework/console/CConsoleApplication.php(92): CConsoleCommandRunner->run()
#2 /var/www/html/chitkar/protected/framework/base/CApplication.php(185): CConsoleApplication->processRequest()
#3 /var/www/html/chitkar/cron.php(6): CApplication->run()
#4 {main}
---
2023/03/26 15:30:01 [error] [exception.Error] Error: Call to undefined method PHPMailer\PHPMailer\PHPMailer::setSubject() in /var/www/html/chitkar/protected/commands/queueCommand.php:103
Stack trace:
#0 /var/www/html/chitkar/protected/framework/console/CConsoleCommandRunner.php(71): queueCommand->run()
#1 /var/www/html/chitkar/protected/framework/console/CConsoleApplication.php(92): CConsoleCommandRunner->run()
#2 /var/www/html/chitkar/protected/framework/base/CApplication.php(185): CConsoleApplication->processRequest()
#3 /var/www/html/chitkar/cron.php(6): CApplication->run()
#4 {main}
---
2023/03/26 18:35:02 [error] [exception.Error] Error: Call to undefined method PHPMailer\PHPMailer\PHPMailer::setSubject() in /var/www/html/chitkar/protected/commands/queueCommand.php:103
Stack trace:
#0 /var/www/html/chitkar/protected/framework/console/CConsoleCommandRunner.php(71): queueCommand->run()
#1 /var/www/html/chitkar/protected/framework/console/CConsoleApplication.php(92): CConsoleCommandRunner->run()
#2 /var/www/html/chitkar/protected/framework/base/CApplication.php(185): CConsoleApplication->processRequest()
#3 /var/www/html/chitkar/cron.php(6): CApplication->run()
#4 {main}
---
2023/03/26 21:40:01 [error] [exception.Error] Error: Call to undefined method PHPMailer\PHPMailer\PHPMailer::setSubject() in /var/www/html/chitkar/protected/commands/queueCommand.php:103
Stack trace:
#0 /var/www/html/chitkar/protected/framework/console/CConsoleCommandRunner.php(71): queueCommand->run()
#1 /var/www/html/chitkar/protected/framework/console/CConsoleApplication.php(92): CConsoleCommandRunner->run()
#2 /var/www/html/chitkar/protected/framework/base/CApplication.php(185): CConsoleApplication->processRequest()
#3 /var/www/html/chitkar/cron.php(6): CApplication->run()
#4 {main}
---
